 AS V1.42 Beta [Bld 222] - Source File tib_ee.asm - Page 1 - 06/11/2022 03:25:08 AM


       1/       0 :                     ; 'Error' program - early terminal input buffer (TIB)
       2/       0 :                     ; Wed  8 Jun 20:09:01 UTC 2022
       3/       0 :                     
       4/       0 :                     ; TESTED: 175010o EXAMINE, RUN hit the high trap
       5/       0 :                     
       6/       0 :                     boundary:
       7/    1400 :                     	ORG	1400o ; reserve 768 bytes
       8/    1400 : 001                 	DB	1o
       9/    1401 :                     
      10/    1401 :                     ; BYTES:	DB	105o, 162o, 162o, 157o, 162o, 040o, 040o, 040o ;  Error    ........
      11/    1401 :                     ; spell it BYAA BYAB BYAB BYAC BYAB BYAD BYAD BYAD
      12/    1401 :                     
      13/    1401 :                     ; ###bookmark
      14/    1540 :                     	ORG	1540o
      15/    1540 : 105                 BYAA:	DB	105o
      16/    1541 : 162                 BYAB:	DB	162o
      17/    1542 : 157                 BYAC:	DB	157o
      18/    1543 : 040                 BYAD:	DB	040o
      19/    1544 :                     
      20/    1544 :                     
      21/    1544 :                     ; variables in higher low-memory - stale comment
      22/    1544 :                     
      23/    1640 :                     	ORG	1640o
      24/    1640 :                     
      25/    1640 :                     TIB:
      26/    1640 : 161 162 163 164     	DB	161o, 162o, 163o, 164o,   165o, 166o, 167o, 170o
             1644 : 165 166 167 170 
      27/    1650 : 171 172 173 174     	DB	171o, 172o, 173o, 174o,   175o, 176o, 177o, 200o
             1654 : 175 176 177 200 
      28/    1660 :                     
      29/    1660 : 161 162 163 164     	DB	161o, 162o, 163o, 164o,   165o, 166o, 167o, 170o
             1664 : 165 166 167 170 
      30/    1670 : 171 172 173 174     	DB	171o, 172o, 173o, 174o,   175o, 176o, 177o, 200o
             1674 : 175 176 177 200 
      31/    1700 :                     
      32/    1700 : 161 162 163 164     	DB	161o, 162o, 163o, 164o,   165o, 166o, 167o, 170o
             1704 : 165 166 167 170 
      33/    1710 : 171 172 173 174     	DB	171o, 172o, 173o, 174o,   175o, 176o, 177o, 200o
             1714 : 175 176 177 200 
      34/    1720 :                     
      35/    1720 : 161 162 163 164     	DB	161o, 162o, 163o, 164o,   165o, 166o, 167o, 170o
             1724 : 165 166 167 170 
      36/    1730 : 171 172 173 174     	DB	171o, 172o, 173o, 174o,   175o, 176o, 177o, 200o
             1734 : 175 176 177 200 
      37/    1740 :                     
      38/    1740 : 161 162 163 164     	DB	161o, 162o, 163o, 164o,   165o, 166o, 167o, 170o
             1744 : 165 166 167 170 
      39/    1750 : 171 172 173 174     	DB	171o, 172o, 173o, 174o,   175o, 176o, 177o, 200o
             1754 : 175 176 177 200 
      40/    1760 :                     
      41/    1760 :                     
      42/    1760 :                     
      43/    1760 :                     ; Start address: 2000
      44/    2000 :                     	ORG	2000o
      45/    2000 : 061 000 372         START:	LXI SP,	SP_H
      46/    2003 : 303 020 004         	JMP run
      47/    2006 : 000                         NOP
      48/    2007 : 000                         NOP
      49/    2010 : 000                         NOP
      50/    2011 : 000                         NOP
 AS V1.42 Beta [Bld 222] - Source File tib_ee.asm - Page 2 - 06/11/2022 03:25:08 AM


      51/    2012 : 072 017 000         	LDA	017o
      52/    2015 : 000                         NOP
      53/    2016 : 000                         NOP
      54/    2017 : 000                         NOP
      55/    2020 :                     
      56/    2020 :                     run: ; THERE
      57/    2020 :                     
      58/    2020 :                     .loop
      59/    2020 : 315 026 004         	CALL	KEY
      60/    2023 : 303 020 004         	JMP	.loop
      61/    2026 :                     KEY:
      62/    2026 : 333 000             	IN	000
      63/    2030 : 346 001             	ANI	001
      64/    2032 : 302 026 004         	JNZ	KEY
      65/    2035 : 333 001             	IN	001
      66/    2037 : 323 001             	OUT	001
      67/    2041 : 000                 	NOP
      68/    2042 : 000                 	NOP
      69/    2043 : 000                 	NOP
      70/    2044 :                     	; JMP	trapped ; test
      71/    2044 :                     
      72/    2044 :                     	; LDA	BYTES
      73/    2044 : 072 143 003         	LDA	BYAD	; 040o
      74/    2047 : 323 001             	OUT	001
      75/    2051 : 072 143 003         	LDA	BYAD
      76/    2054 : 323 001             	OUT	001
      77/    2056 : 072 143 003         	LDA	BYAD
      78/    2061 : 323 001             	OUT	001
      79/    2063 :                     
      80/    2063 : 072 140 003         	LDA	BYAA	; 105o
      81/    2066 : 323 001             	OUT	001
      82/    2070 : 072 141 003         	LDA	BYAB    ; 162o
      83/    2073 : 323 001             	OUT	001
      84/    2075 : 072 141 003         	LDA	BYAB
      85/    2100 : 323 001             	OUT	001
      86/    2102 : 072 142 003         	LDA	BYAC	; 157o
      87/    2105 : 323 001             	OUT	001
      88/    2107 : 072 141 003         	LDA	BYAB
      89/    2112 : 323 001             	OUT	001
      90/    2114 : 072 143 003         	LDA	BYAD
      91/    2117 : 323 001             	OUT	001
      92/    2121 : 072 143 003         	LDA	BYAD
      93/    2124 : 323 001             	OUT	001
      94/    2126 : 315 132 004         	CALL	WAIT	; finite delay added here
      95/    2131 : 311                 	RET
      96/    2132 :                     
      97/    2132 :                     WAIT:
      98/    2132 : 036 000             	MVI E,	000o
      99/    2134 : 026 150             	MVI D,	150o
     100/    2136 :                     REENT:
     101/    2136 : 035                 	DCR E
     102/    2137 : 302 136 004         	JNZ REENT
     103/    2142 : 025                 	DCR D
     104/    2143 : 302 136 004         	JNZ REENT
     105/    2146 : 311                 	RET
     106/    2147 :                     
     107/    2147 :                     
     108/    2147 :                     ; odd.sh
     109/    2147 :                     ; echo -n "${1}" | od -b -An
     110/    2147 :                     
 AS V1.42 Beta [Bld 222] - Source File tib_ee.asm - Page 3 - 06/11/2022 03:25:08 AM


     111/    2147 :                     ; $  odd 'Wed  8 Jun 20:09:01 UTC 2022 immediately before 0.1.0-pre-alpha'
     112/    2147 :                     
     113/    2147 : 040 040 040 040     	DB	040o, 040o, 040o, 040o, 040o, 040o
             2153 : 040 040         
     114/    2155 : 127 145 144 040     	db	127o, 145o, 144o, 040o, 040o, 070o, 040o, 112o, 165o, 156o, 040o, 062o, 060o, 072o, 060o, 071o
             2161 : 040 070 040 112 
             2165 : 165 156 040 062 
             2171 : 060 072 060 071 
     115/    2175 : 072 060 061 040     	db	072o, 060o, 061o, 040o, 125o, 124o, 103o, 040o, 062o, 060o, 062o, 062o, 040o, 151o, 155o, 155o
             2201 : 125 124 103 040 
             2205 : 062 060 062 062 
             2211 : 040 151 155 155 
     116/    2215 : 145 144 151 141     	db	145o, 144o, 151o, 141o, 164o, 145o, 154o, 171o, 040o, 142o, 145o, 146o, 157o, 162o, 145o, 040o
             2221 : 164 145 154 171 
             2225 : 040 142 145 146 
             2231 : 157 162 145 040 
     117/    2235 : 060 056 061 056     	db	060o, 056o, 061o, 056o, 060o, 055o, 160o, 162o, 145o, 055o, 141o, 154o, 160o, 150o, 141o
             2241 : 060 055 160 162 
             2245 : 145 055 141 154 
             2251 : 160 150 141     
     118/    2254 :                     
     119/  175000 :                     	ORG	175000o
     120/  175000 :                     ; SP_H:	DB	317o
     121/  175000 : 000                 SP_H:	DB	0o
     122/  175001 :                     
     123/  175001 :                     ; error trap
     124/  175400 :                     	ORG	175400o ; act as soon as possible
     125/  175400 :                     
     126/  175400 : 000                         NOP
     127/  175401 : 000                         NOP
     128/  175402 : 000                         NOP
     129/  175403 : 000                         NOP
     130/  175404 :                     
     131/  175404 : 000                         NOP
     132/  175405 : 000                         NOP
     133/  175406 : 000                         NOP
     134/  175407 : 000                         NOP
     135/  175410 :                     
     136/  175410 :                     trapped:
     137/  175410 : 303 030 373         	JMP	err_hi
     138/  175413 :                     
     139/  175413 :                     waiting:
     140/  175413 : 036 000             	MVI E,	000o
     141/  175415 : 026 150             	MVI D,	150o
     142/  175417 :                     reentry:
     143/  175417 : 035                 	DCR E
     144/  175420 : 302 017 373         	JNZ reentry
     145/  175423 : 025                 	DCR D
     146/  175424 : 302 017 373         	JNZ reentry
     147/  175427 : 311                 	RET
     148/  175430 :                     
     149/  175430 :                     err_hi:
     150/  175430 : 000                 	NOP
     151/  175431 : 000                 	NOP
     152/  175432 :                     hold:
     153/  175432 : 000                 	NOP
     154/  175433 : 000                 	NOP
     155/  175434 :                     
     156/  175434 : 072 306 373         	LDA	BYHD	; 040o
     157/  175437 : 323 001             	OUT	001
 AS V1.42 Beta [Bld 222] - Source File tib_ee.asm - Page 4 - 06/11/2022 03:25:08 AM


     158/  175441 :                     
     159/  175441 : 072 306 373         	LDA	BYHD
     160/  175444 : 323 001             	OUT	001
     161/  175446 :                     
     162/  175446 : 072 303 373         	LDA	BYHA	; 105o 'E'
     163/  175451 : 323 001             	OUT	001
     164/  175453 :                     
     165/  175453 : 072 304 373         	LDA	BYHB    ; 162o 'r'
     166/  175456 : 323 001             	OUT	001
     167/  175460 :                     
     168/  175460 : 072 304 373         	LDA	BYHB
     169/  175463 : 323 001             	OUT	001
     170/  175465 :                     
     171/  175465 : 072 305 373         	LDA	BYHC	; 157o 'o'
     172/  175470 : 323 001             	OUT	001
     173/  175472 :                     
     174/  175472 : 072 304 373         	LDA	BYHB    ; 'Error' to here
     175/  175475 : 323 001             	OUT	001
     176/  175477 :                     
     177/  175477 : 072 306 373         	LDA	BYHD
     178/  175502 : 323 001             	OUT	001
     179/  175504 :                     
     180/  175504 :                     
     181/  175504 : 072 307 373         	LDA	BYHE	; '-'
     182/  175507 : 323 001             	OUT	001
     183/  175511 :                     
     184/  175511 : 072 306 373         	LDA	BYHD
     185/  175514 : 323 001             	OUT	001
     186/  175516 :                     
     187/  175516 : 072 310 373         	LDA	BYHF	; 'H'
     188/  175521 : 323 001             	OUT	001
     189/  175523 :                     
     190/  175523 : 072 311 373         	LDA	BYHG	; 'I'
     191/  175526 : 323 001             	OUT	001
     192/  175530 :                     
     193/  175530 : 072 312 373         	LDA	BYHH	; 'G'
     194/  175533 : 323 001             	OUT	001
     195/  175535 :                     
     196/  175535 : 072 310 373         	LDA	BYHF	; 'H'
     197/  175540 : 323 001             	OUT	001
     198/  175542 :                     
     199/  175542 : 072 306 373         	LDA	BYHD    ; ' '
     200/  175545 : 323 001             	OUT	001
     201/  175547 :                     
     202/  175547 : 072 313 373         	LDA	BYHI    ; 'T'
     203/  175552 : 323 001             	OUT	001
     204/  175554 :                     
     205/  175554 : 072 314 373         	LDA	BYHJ    ; 'R'
     206/  175557 : 323 001             	OUT	001
     207/  175561 :                     
     208/  175561 : 072 315 373         	LDA	BYHK    ; 'A'
     209/  175564 : 323 001             	OUT	001
     210/  175566 :                     
     211/  175566 : 072 316 373         	LDA	BYHL    ; 'P'
     212/  175571 : 323 001             	OUT	001
     213/  175573 :                     
     214/  175573 : 072 306 373         	LDA	BYHD    ; ' '
     215/  175576 : 323 001             	OUT	001
     216/  175600 :                     
     217/  175600 : 072 306 373         	LDA	BYHD    ; ' '
 AS V1.42 Beta [Bld 222] - Source File tib_ee.asm - Page 5 - 06/11/2022 03:25:08 AM


     218/  175603 : 323 001             	OUT	001
     219/  175605 :                     
     220/  175605 : 000                 	NOP
     221/  175606 : 000                 	NOP
     222/  175607 : 000                 	NOP
     223/  175610 : 000                 	NOP
     224/  175611 :                     
     225/  175611 : 315 013 373         	CALL	waiting ; finite delay added here
     226/  175614 : 315 013 373         	CALL	waiting
     227/  175617 : 315 013 373         	CALL	waiting
     228/  175622 : 315 013 373         	CALL	waiting
     229/  175625 : 315 013 373         	CALL	waiting
     230/  175630 : 315 013 373         	CALL	waiting
     231/  175633 : 315 013 373         	CALL	waiting
     232/  175636 : 315 013 373         	CALL	waiting
     233/  175641 : 315 013 373         	CALL	waiting
     234/  175644 : 315 013 373         	CALL	waiting
     235/  175647 : 315 013 373         	CALL	waiting
     236/  175652 : 315 013 373         	CALL	waiting
     237/  175655 : 315 013 373         	CALL	waiting
     238/  175660 : 315 013 373         	CALL	waiting
     239/  175663 : 315 013 373         	CALL	waiting
     240/  175666 : 315 013 373         	CALL	waiting
     241/  175671 : 315 013 373         	CALL	waiting
     242/  175674 : 303 032 373         	JMP	hold
     243/  175677 : 000                 	NOP
     244/  175700 : 000                 	NOP
     245/  175701 : 000                 	NOP
     246/  175702 : 000                 	NOP
     247/  175703 :                     
     248/  175703 : 105                 BYHA:	DB	105o ; 'E'
     249/  175704 : 162                 BYHB:	DB	162o ; 'r'
     250/  175705 : 157                 BYHC:	DB	157o ; 'o'
     251/  175706 : 040                 BYHD:	DB	040o ; ' '
     252/  175707 : 055                 BYHE:	DB	055o ; '-'
     253/  175710 : 110                 BYHF:	DB	110o ; 'H'
     254/  175711 : 111                 BYHG:	DB	111o ; 'I'
     255/  175712 : 107                 BYHH:	DB	107o ; 'G'
     256/  175713 : 124                 BYHI:	DB	124o ; 'T'
     257/  175714 : 122                 BYHJ:	DB	122o ; 'R'
     258/  175715 : 101                 BYHK:	DB	101o ; 'A'
     259/  175716 : 120                 BYHL:   DB	120o ; 'P'
     260/  175717 :                     	END
 AS V1.42 Beta [Bld 222] - Source File tib_ee.asm - Page 6 - 06/11/2022 03:25:08 AM


  Symbol Table (* = unused):
  --------------------------

*ARCHITECTURE :                                      "x86_64-unknown-linux" - |
*BOUNDARY :                       0 C |  BYAA :                        1540 C |
 BYAB :                        1541 C |  BYAC :                        1542 C |
 BYAD :                        1543 C |  BYHA :                      175703 C |
 BYHB :                      175704 C |  BYHC :                      175705 C |
 BYHD :                      175706 C |  BYHE :                      175707 C |
 BYHF :                      175710 C |  BYHG :                      175711 C |
 BYHH :                      175712 C |  BYHI :                      175713 C |
 BYHJ :                      175714 C |  BYHK :                      175715 C |
 BYHL :                      175716 C | *CASESENSITIVE :                  0 - |
*COMPMODE :                       0 - | *CONSTPI :        3.141592653589793 - |
*DATE :                "06/11/2022" - |  ERR_HI :                    175430 C |
*FALSE :                          0 - | *HAS64 :                          1 - |
 HOLD :                      175432 C |  KEY :                         2026 C |
*LISTON :                         1 - | *MACEXP :                         7 - |
*MOMCPU :                    100200 - | *MOMCPUNAME :                "8080" - |
*NESTMAX :                      400 - |  REENT :                       2136 C |
 REENTRY :                   175417 C | *RELAXED :                        0 - |
 RUN :                         2020 C |  RUN.LOOP :                    2020 C |
 SP_H :                      175000 C | *START :                       2000 C |
*TIB :                         1640 C | *TIME :               "03:25:08 AM" - |
*TRAPPED :                   175410 C | *TRUE :                           1 - |
*VERSION :                    12057 - |  WAIT :                        2132 C |
 WAITING :                   175413 C | *Z80SYNTAX :                      0 - |

     47 symbols
     21 unused symbols

 AS V1.42 Beta [Bld 222] - Source File tib_ee.asm - Page 7 - 06/11/2022 03:25:08 AM


  Code Pages:
  ----------

STANDARD (0 changed characters)

1 code page

0.01 seconds assembly time

    309 lines source file
      2 passes
      0 errors
      0 warnings
