 $ ./asl -a -cpu 8080 -L -listradix 8 this.asm
Macro Assembler 1.42 Beta [Bld 222]
(x86_64-unknown-linux)
(C) 1992,2022 Alfred Arnold
Motorola MPC821 Additions (C) 2012 Marcin Cieslak
68RS08-Generator (C) 2006 Andreas Bolsch
Mitsubishi M16C-Generator also (C) 1999 RMS
XILINX KCPSM(Picoblaze)-Generator (C) 2003 Andreas Wassatsch
TMS320C2x-Generator (C) 1994/96 Thomas Sailer
TMS320C5x-Generator (C) 1995/96 Thomas Sailer
Panafacom MN1610/1613-Generator (C) 2019 Haruo Asano
MIL-STD 1750 Generator also (C) 2019 Oliver Kellogg
GI CP-1600-Generator (C) 2021 Haruo Asano


Assembling this.asm
PASS 1
this.asm(15)
PASS 2
this.asm(15)

0.00 seconds assembly time

     15 lines source file
      2 passes
      0 errors
      0 warnings

 $ uname -a | filtered
 Linux abcdefg 5.1x.x-xx-amd64 #1 SMP Debian 5.1x.xx-x (2022-xx-xx) x86_64 GNU/Linux

END.
